<?xml version="1.0"?>
<testsuites>
  <testsuite name="Chrome 54.0.2840 (Windows 7)" package="" timestamp="2016-11-28T08:03:53" id="0" hostname="AU20APLP0110" tests="4" errors="0" failures="0" time="0.095">
    <properties>
      <property name="browser.fullName" value="Mozilla/5.0 (Windows NT 6.1; WOW64) AppleWebKit/537.36 (KHTML, like Gecko) Chrome/54.0.2840.99 Safari/537.36"/>
    </properties>
    <testcase name="test weatherService.getWeather for a given lat and long " time="0.04" classname="Chrome 54.0.2840 (Windows 7).Service : WeatherService"/>
    <testcase name="test weatherService.populateModalObjectFromResponse for weather reponse Object " time="0.006" classname="Chrome 54.0.2840 (Windows 7).Service : WeatherService"/>
    <testcase name="test currentWeather directive " time="0.049" classname="Chrome 54.0.2840 (Windows 7).Service : WeatherService"/>
    <testcase name="test Widget editor controller " time="0" classname="Chrome 54.0.2840 (Windows 7).Service : WeatherService"/>
    <system-out><![CDATA[Chrome 54.0.2840 (Windows 7) LOG: LOG
 Scope{$id: '007', $$childTail: Scope{$$childTail: Scope{$id: ..., $$childTail: ..., $$childHead: ..., $$prevSibling: ..., $$nextSibling: ..., $$watchers: ..., $parent: ..., $$phase: ..., $root: ..., this: ..., $$destroyed: ..., $$asyncQueue: ..., $$postDigestQueue: ..., $$listeners: ..., $$listenerCount: ..., $$isolateBindings: ..., angle: ..., customSize: ..., getWindIconClass: ...}, $$childHead: Scope{$id: ..., $$childTail: ..., $$childHead: ..., $$prevSibling: ..., $$nextSibling: ..., $$watchers: ..., $parent: ..., $$phase: ..., $root: ..., this: ..., $$destroyed: ..., $$asyncQueue: ..., $$postDigestQueue: ..., $$listeners: ..., $$listenerCount: ..., $$isolateBindings: ..., angle: ..., customSize: ..., getWindIconClass: ...}, $$nextSibling: null, $$watchers: [...], $$listeners: Object{}, $$listenerCount: Object{}, $id: '00A', $$childScopeClass: null, this: Scope{$$childTail: ..., $$childHead: ..., $$nextSibling: ..., $$watchers: ..., $$listeners: ..., $$listenerCount: ..., $id: ..., $$childScopeClass: ..., this: ..., $parent: ..., $$prevSibling: ...}, $parent: Scope{$id: ..., $$childTail: ..., $$childHead: ..., $$prevSibling: ..., $$nextSibling: ..., $$watchers: ..., $parent: ..., $$phase: ..., $root: ..., this: ..., $$destroyed: ..., $$asyncQueue: ..., $$postDigestQueue: ..., $$listeners: ..., $$listenerCount: ..., $$isolateBindings: ..., units: ..., title: ..., showwind: ..., weather: ..., $$childScopeClass: ...}, $$prevSibling: Scope{$$childTail: ..., $$childHead: ..., $$nextSibling: ..., $$watchers: ..., $$listeners: ..., $$listenerCount: ..., $id: ..., $$childScopeClass: ..., this: ..., $parent: ..., $$prevSibling: ...}}, $$childHead: Scope{$id: '008', $$childTail: null, $$childHead: null, $$prevSibling: null, $$nextSibling: Scope{$$childTail: ..., $$childHead: ..., $$nextSibling: ..., $$watchers: ..., $$listeners: ..., $$listenerCount: ..., $id: ..., $$childScopeClass: ..., this: ..., $parent: ..., $$prevSibling: ...}, $$watchers: [..., ..., ..., ...], $parent: Scope{$id: ..., $$childTail: ..., $$childHead: ..., $$prevSibling: ..., $$nextSibling: ..., $$watchers: ..., $parent: ..., $$phase: ..., $root: ..., this: ..., $$destroyed: ..., $$asyncQueue: ..., $$postDigestQueue: ..., $$listeners: ..., $$listenerCount: ..., $$isolateBindings: ..., units: ..., title: ..., showwind: ..., weather: ..., $$childScopeClass: ...}, $$phase: null, $root: Scope{$id: ..., $$childTail: ..., $$childHead: ..., $$prevSibling: ..., $$nextSibling: ..., $$watchers: ..., $parent: ..., $$phase: ..., $root: ..., this: ..., $$destroyed: ..., $$asyncQueue: ..., $$postDigestQueue: ..., $$listeners: ..., $$listenerCount: ..., $$isolateBindings: ..., $$childScopeClass: ...}, this: Scope{$id: ..., $$childTail: ..., $$childHead: ..., $$prevSibling: ..., $$nextSibling: ..., $$watchers: ..., $parent: ..., $$phase: ..., $root: ..., this: ..., $$destroyed: ..., $$asyncQueue: ..., $$postDigestQueue: ..., $$listeners: ..., $$listenerCount: ..., $$isolateBindings: ..., cloudiness: ..., customSize: ..., useGoogleImages: ..., getIconClass: ...}, $$destroyed: false, $$asyncQueue: [], $$postDigestQueue: [], $$listeners: Object{}, $$listenerCount: Object{}, $$isolateBindings: Object{cloudiness: ..., customSize: ..., useGoogleImages: ...}, cloudiness: '', customSize: 33, useGoogleImages: undefined, getIconClass: function (){ ... }}, $$prevSibling: null, $$nextSibling: null, $$watchers: [Object{fn: ..., last: ..., get: ..., exp: ..., eq: ...}, Object{fn: ..., last: ..., get: ..., exp: ..., eq: ...}, Object{fn: ..., last: ..., get: ..., exp: ..., eq: ...}, Object{fn: ..., last: ..., get: ..., exp: ..., eq: ...}, Object{fn: ..., last: ..., get: ..., exp: ..., eq: ...}, Object{fn: ..., last: ..., get: ..., exp: ..., eq: ...}, Object{fn: ..., last: ..., get: ..., exp: ..., eq: ...}, Object{fn: ..., last: ..., get: ..., exp: ..., eq: ...}, Object{fn: ..., last: ..., get: ..., exp: ..., eq: ...}, Object{fn: ..., last: ..., get: ..., exp: ..., eq: ...}, Object{fn: ..., last: ..., get: ..., exp: ..., eq: ...}], $parent: Scope{$$childTail: Scope{$id: ..., $$childTail: ..., $$childHead: ..., $$prevSibling: ..., $$nextSibling: ..., $$watchers: ..., $parent: ..., $$phase: ..., $root: ..., this: ..., $$destroyed: ..., $$asyncQueue: ..., $$postDigestQueue: ..., $$listeners: ..., $$listenerCount: ..., $$isolateBindings: ..., units: ..., title: ..., showwind: ..., weather: ..., $$childScopeClass: ...}, $$childHead: Scope{$id: ..., $$childTail: ..., $$childHead: ..., $$prevSibling: ..., $$nextSibling: ..., $$watchers: ..., $parent: ..., $$phase: ..., $root: ..., this: ..., $$destroyed: ..., $$asyncQueue: ..., $$postDigestQueue: ..., $$listeners: ..., $$listenerCount: ..., $$isolateBindings: ..., units: ..., title: ..., showwind: ..., weather: ..., $$childScopeClass: ...}, $$nextSibling: null, $$watchers: null, $$listeners: Object{}, $$listenerCount: Object{}, $id: '006', $$childScopeClass: null, this: Scope{$$childTail: ..., $$childHead: ..., $$nextSibling: ..., $$watchers: ..., $$listeners: ..., $$listenerCount: ..., $id: ..., $$childScopeClass: ..., this: ..., $parent: ..., $$prevSibling: ...}, $parent: Scope{$id: ..., $$childTail: ..., $$childHead: ..., $$prevSibling: ..., $$nextSibling: ..., $$watchers: ..., $parent: ..., $$phase: ..., $root: ..., this: ..., $$destroyed: ..., $$asyncQueue: ..., $$postDigestQueue: ..., $$listeners: ..., $$listenerCount: ..., $$isolateBindings: ..., $$childScopeClass: ...}, $$prevSibling: null}, $$phase: null, $root: Scope{$id: '005', $$childTail: Scope{$$childTail: ..., $$childHead: ..., $$nextSibling: ..., $$watchers: ..., $$listeners: ..., $$listenerCount: ..., $id: ..., $$childScopeClass: ..., this: ..., $parent: ..., $$prevSibling: ...}, $$childHead: Scope{$$childTail: ..., $$childHead: ..., $$nextSibling: ..., $$watchers: ..., $$listeners: ..., $$listenerCount: ..., $id: ..., $$childScopeClass: ..., this: ..., $parent: ..., $$prevSibling: ...}, $$prevSibling: null, $$nextSibling: null, $$watchers: null, $parent: null, $$phase: null, $root: Scope{$id: ..., $$childTail: ..., $$childHead: ..., $$prevSibling: ..., $$nextSibling: ..., $$watchers: ..., $parent: ..., $$phase: ..., $root: ..., this: ..., $$destroyed: ..., $$asyncQueue: ..., $$postDigestQueue: ..., $$listeners: ..., $$listenerCount: ..., $$isolateBindings: ..., $$childScopeClass: ...}, this: Scope{$id: ..., $$childTail: ..., $$childHead: ..., $$prevSibling: ..., $$nextSibling: ..., $$watchers: ..., $parent: ..., $$phase: ..., $root: ..., this: ..., $$destroyed: ..., $$asyncQueue: ..., $$postDigestQueue: ..., $$listeners: ..., $$listenerCount: ..., $$isolateBindings: ..., $$childScopeClass: ...}, $$destroyed: false, $$asyncQueue: [], $$postDigestQueue: [], $$listeners: Object{}, $$listenerCount: Object{}, $$isolateBindings: Object{}, $$childScopeClass: function () { ... }}, this: Scope{$id: '007', $$childTail: Scope{$$childTail: ..., $$childHead: ..., $$nextSibling: ..., $$watchers: ..., $$listeners: ..., $$listenerCount: ..., $id: ..., $$childScopeClass: ..., this: ..., $parent: ..., $$prevSibling: ...}, $$childHead: Scope{$id: ..., $$childTail: ..., $$childHead: ..., $$prevSibling: ..., $$nextSibling: ..., $$watchers: ..., $parent: ..., $$phase: ..., $root: ..., this: ..., $$destroyed: ..., $$asyncQueue: ..., $$postDigestQueue: ..., $$listeners: ..., $$listenerCount: ..., $$isolateBindings: ..., cloudiness: ..., customSize: ..., useGoogleImages: ..., getIconClass: ...}, $$prevSibling: null, $$nextSibling: null, $$watchers: [..., ..., ..., ..., ..., ..., ..., ..., ..., ..., ...], $parent: Scope{$$childTail: ..., $$childHead: ..., $$nextSibling: ..., $$watchers: ..., $$listeners: ..., $$listenerCount: ..., $id: ..., $$childScopeClass: ..., this: ..., $parent: ..., $$prevSibling: ...}, $$phase: null, $root: Scope{$id: ..., $$childTail: ..., $$childHead: ..., $$prevSibling: ..., $$nextSibling: ..., $$watchers: ..., $parent: ..., $$phase: ..., $root: ..., this: ..., $$destroyed: ..., $$asyncQueue: ..., $$postDigestQueue: ..., $$listeners: ..., $$listenerCount: ..., $$isolateBindings: ..., $$childScopeClass: ...}, this: Scope{$id: ..., $$childTail: ..., $$childHead: ..., $$prevSibling: ..., $$nextSibling: ..., $$watchers: ..., $parent: ..., $$phase: ..., $root: ..., this: ..., $$destroyed: ..., $$asyncQueue: ..., $$postDigestQueue: ..., $$listeners: ..., $$listenerCount: ..., $$isolateBindings: ..., units: ..., title: ..., showwind: ..., weather: ..., $$childScopeClass: ...}, $$destroyed: false, $$asyncQueue: [], $$postDigestQueue: [], $$listeners: Object{}, $$listenerCount: Object{}, $$isolateBindings: Object{units: ..., title: ..., showwind: ...}, units: 'imperial', title: 'rams', showwind: 'true', weather: Object{}, $$childScopeClass: function () { ... }}, $$destroyed: false, $$asyncQueue: [], $$postDigestQueue: [], $$listeners: Object{}, $$listenerCount: Object{}, $$isolateBindings: Object{units: '@units', title: '@title', showwind: '@showwind'}, units: 'imperial', title: 'rams', showwind: 'true', weather: Object{}, $$childScopeClass: function () { ... }}
]]></system-out>
    <system-err/>
  </testsuite>
</testsuites>
